<?xml version="1.0" encoding="UTF-8"?>
<coverage generated="1771736503513" clover="3.2.0">
  <project timestamp="1771736503513" name="All files">
    <metrics statements="80" coveredstatements="67" conditionals="16" coveredconditionals="14" methods="22" coveredmethods="20" elements="118" coveredelements="101" complexity="0" loc="80" ncloc="80" packages="2" files="4" classes="4"/>
    <package name="game">
      <metrics statements="11" coveredstatements="0" conditionals="0" coveredconditionals="0" methods="1" coveredmethods="0"/>
      <file name="main.ts" path="/Users/bblue/Dev/clicker-shipper/src/game/main.ts">
        <metrics statements="11" coveredstatements="0" conditionals="0" coveredconditionals="0" methods="1" coveredmethods="0"/>
        <line num="1" count="0" type="stmt"/>
        <line num="2" count="0" type="stmt"/>
        <line num="3" count="0" type="stmt"/>
        <line num="4" count="0" type="stmt"/>
        <line num="5" count="0" type="stmt"/>
        <line num="6" count="0" type="stmt"/>
        <line num="7" count="0" type="stmt"/>
        <line num="11" count="0" type="stmt"/>
        <line num="41" count="0" type="stmt"/>
        <line num="43" count="0" type="stmt"/>
        <line num="47" count="0" type="stmt"/>
      </file>
    </package>
    <package name="game.managers">
      <metrics statements="69" coveredstatements="67" conditionals="16" coveredconditionals="14" methods="21" coveredmethods="20"/>
      <file name="AssetLoader.ts" path="/Users/bblue/Dev/clicker-shipper/src/game/managers/AssetLoader.ts">
        <metrics statements="5" coveredstatements="5" conditionals="0" coveredconditionals="0" methods="3" coveredmethods="3"/>
        <line num="3" count="1" type="stmt"/>
        <line num="13" count="5" type="stmt"/>
        <line num="14" count="5" type="stmt"/>
        <line num="15" count="40" type="stmt"/>
        <line num="16" count="40" type="stmt"/>
      </file>
      <file name="GameManager.ts" path="/Users/bblue/Dev/clicker-shipper/src/game/managers/GameManager.ts">
        <metrics statements="23" coveredstatements="22" conditionals="4" coveredconditionals="4" methods="10" coveredmethods="9"/>
        <line num="3" count="1" type="stmt"/>
        <line num="5" count="9" type="stmt"/>
        <line num="6" count="9" type="stmt"/>
        <line num="11" count="13" type="cond" truecount="2" falsecount="0"/>
        <line num="12" count="9" type="stmt"/>
        <line num="14" count="13" type="stmt"/>
        <line num="18" count="4" type="stmt"/>
        <line num="19" count="4" type="stmt"/>
        <line num="20" count="4" type="stmt"/>
        <line num="24" count="8" type="stmt"/>
        <line num="25" count="8" type="stmt"/>
        <line num="26" count="8" type="stmt"/>
        <line num="27" count="8" type="stmt"/>
        <line num="28" count="8" type="stmt"/>
        <line num="29" count="8" type="stmt"/>
        <line num="31" count="8" type="stmt"/>
        <line num="32" count="0" type="stmt"/>
        <line num="34" count="8" type="stmt"/>
        <line num="39" count="5" type="cond" truecount="2" falsecount="0"/>
        <line num="40" count="2" type="stmt"/>
        <line num="42" count="3" type="stmt"/>
        <line num="46" count="3" type="stmt"/>
        <line num="50" count="2" type="stmt"/>
      </file>
      <file name="OrderGenerator.ts" path="/Users/bblue/Dev/clicker-shipper/src/game/managers/OrderGenerator.ts">
        <metrics statements="41" coveredstatements="40" conditionals="12" coveredconditionals="10" methods="8" coveredmethods="8"/>
        <line num="1" count="1" type="stmt"/>
        <line num="15" count="1" type="stmt"/>
        <line num="16" count="8" type="stmt"/>
        <line num="17" count="8" type="stmt"/>
        <line num="20" count="8" type="stmt"/>
        <line num="24" count="222" type="stmt"/>
        <line num="25" count="222" type="stmt"/>
        <line num="28" count="222" type="stmt"/>
        <line num="31" count="222" type="stmt"/>
        <line num="33" count="222" type="stmt"/>
        <line num="42" count="222" type="stmt"/>
        <line num="46" count="222" type="stmt"/>
        <line num="47" count="222" type="stmt"/>
        <line num="48" count="222" type="stmt"/>
        <line num="49" count="222" type="stmt"/>
        <line num="50" count="222" type="stmt"/>
        <line num="51" count="222" type="stmt"/>
        <line num="53" count="222" type="cond" truecount="2" falsecount="0"/>
        <line num="54" count="14014" type="stmt"/>
        <line num="57" count="14014" type="stmt"/>
        <line num="58" count="14014" type="stmt"/>
        <line num="61" count="22151" type="stmt"/>
        <line num="62" count="14014" type="cond" truecount="4" falsecount="0"/>
        <line num="63" count="3773" type="stmt"/>
        <line num="67" count="10241" type="stmt"/>
        <line num="68" count="10241" type="cond" truecount="2" falsecount="0"/>
        <line num="69" count="9856" type="stmt"/>
        <line num="72" count="385" type="stmt"/>
        <line num="73" count="385" type="stmt"/>
        <line num="75" count="385" type="cond" truecount="1" falsecount="1"/>
        <line num="76" count="385" type="stmt"/>
        <line num="81" count="385" type="stmt"/>
        <line num="86" count="222" type="cond" truecount="1" falsecount="1"/>
        <line num="87" count="0" type="stmt"/>
        <line num="90" count="222" type="stmt"/>
        <line num="94" count="222" type="stmt"/>
        <line num="95" count="222" type="stmt"/>
        <line num="97" count="222" type="stmt"/>
        <line num="98" count="222" type="stmt"/>
        <line num="99" count="1332" type="stmt"/>
        <line num="107" count="222" type="stmt"/>
      </file>
    </package>
  </project>
</coverage>
