<?xml version="1.0" encoding="UTF-8"?>
<coverage generated="1771708072214" clover="3.2.0">
  <project timestamp="1771708072214" name="All files">
    <metrics statements="237" coveredstatements="160" conditionals="69" coveredconditionals="27" methods="38" coveredmethods="27" elements="344" coveredelements="214" complexity="0" loc="237" ncloc="237" packages="3" files="5" classes="5"/>
    <package name="game">
      <metrics statements="11" coveredstatements="0" conditionals="0" coveredconditionals="0" methods="1" coveredmethods="0"/>
      <file name="main.ts" path="/Users/bblue/Dev/clicker-shipper/src/game/main.ts">
        <metrics statements="11" coveredstatements="0" conditionals="0" coveredconditionals="0" methods="1" coveredmethods="0"/>
        <line num="1" count="0" type="stmt"/>
        <line num="2" count="0" type="stmt"/>
        <line num="3" count="0" type="stmt"/>
        <line num="4" count="0" type="stmt"/>
        <line num="5" count="0" type="stmt"/>
        <line num="6" count="0" type="stmt"/>
        <line num="7" count="0" type="stmt"/>
        <line num="11" count="0" type="stmt"/>
        <line num="27" count="0" type="stmt"/>
        <line num="29" count="0" type="stmt"/>
        <line num="33" count="0" type="stmt"/>
      </file>
    </package>
    <package name="game.managers">
      <metrics statements="69" coveredstatements="67" conditionals="16" coveredconditionals="14" methods="21" coveredmethods="20"/>
      <file name="AssetLoader.ts" path="/Users/bblue/Dev/clicker-shipper/src/game/managers/AssetLoader.ts">
        <metrics statements="5" coveredstatements="5" conditionals="0" coveredconditionals="0" methods="3" coveredmethods="3"/>
        <line num="3" count="1" type="stmt"/>
        <line num="13" count="5" type="stmt"/>
        <line num="14" count="5" type="stmt"/>
        <line num="15" count="40" type="stmt"/>
        <line num="16" count="40" type="stmt"/>
      </file>
      <file name="GameManager.ts" path="/Users/bblue/Dev/clicker-shipper/src/game/managers/GameManager.ts">
        <metrics statements="23" coveredstatements="22" conditionals="4" coveredconditionals="4" methods="10" coveredmethods="9"/>
        <line num="3" count="1" type="stmt"/>
        <line num="5" count="9" type="stmt"/>
        <line num="6" count="9" type="stmt"/>
        <line num="11" count="13" type="cond" truecount="2" falsecount="0"/>
        <line num="12" count="9" type="stmt"/>
        <line num="14" count="13" type="stmt"/>
        <line num="18" count="4" type="stmt"/>
        <line num="19" count="4" type="stmt"/>
        <line num="20" count="4" type="stmt"/>
        <line num="24" count="8" type="stmt"/>
        <line num="25" count="8" type="stmt"/>
        <line num="26" count="8" type="stmt"/>
        <line num="27" count="8" type="stmt"/>
        <line num="28" count="8" type="stmt"/>
        <line num="29" count="8" type="stmt"/>
        <line num="31" count="8" type="stmt"/>
        <line num="32" count="0" type="stmt"/>
        <line num="34" count="8" type="stmt"/>
        <line num="39" count="5" type="cond" truecount="2" falsecount="0"/>
        <line num="40" count="2" type="stmt"/>
        <line num="42" count="3" type="stmt"/>
        <line num="46" count="3" type="stmt"/>
        <line num="50" count="2" type="stmt"/>
      </file>
      <file name="OrderGenerator.ts" path="/Users/bblue/Dev/clicker-shipper/src/game/managers/OrderGenerator.ts">
        <metrics statements="41" coveredstatements="40" conditionals="12" coveredconditionals="10" methods="8" coveredmethods="8"/>
        <line num="1" count="1" type="stmt"/>
        <line num="15" count="1" type="stmt"/>
        <line num="16" count="8" type="stmt"/>
        <line num="17" count="8" type="stmt"/>
        <line num="20" count="8" type="stmt"/>
        <line num="24" count="222" type="stmt"/>
        <line num="25" count="222" type="stmt"/>
        <line num="28" count="222" type="stmt"/>
        <line num="31" count="222" type="stmt"/>
        <line num="33" count="222" type="stmt"/>
        <line num="42" count="222" type="stmt"/>
        <line num="46" count="222" type="stmt"/>
        <line num="47" count="222" type="stmt"/>
        <line num="48" count="222" type="stmt"/>
        <line num="49" count="222" type="stmt"/>
        <line num="50" count="222" type="stmt"/>
        <line num="51" count="222" type="stmt"/>
        <line num="53" count="222" type="cond" truecount="2" falsecount="0"/>
        <line num="54" count="14292" type="stmt"/>
        <line num="57" count="14292" type="stmt"/>
        <line num="58" count="14292" type="stmt"/>
        <line num="61" count="22534" type="stmt"/>
        <line num="62" count="14292" type="cond" truecount="4" falsecount="0"/>
        <line num="63" count="3827" type="stmt"/>
        <line num="67" count="10465" type="stmt"/>
        <line num="68" count="10465" type="cond" truecount="2" falsecount="0"/>
        <line num="69" count="10078" type="stmt"/>
        <line num="72" count="387" type="stmt"/>
        <line num="73" count="387" type="stmt"/>
        <line num="75" count="387" type="cond" truecount="1" falsecount="1"/>
        <line num="76" count="387" type="stmt"/>
        <line num="81" count="387" type="stmt"/>
        <line num="86" count="222" type="cond" truecount="1" falsecount="1"/>
        <line num="87" count="0" type="stmt"/>
        <line num="90" count="222" type="stmt"/>
        <line num="94" count="222" type="stmt"/>
        <line num="95" count="222" type="stmt"/>
        <line num="97" count="222" type="stmt"/>
        <line num="98" count="222" type="stmt"/>
        <line num="99" count="1332" type="stmt"/>
        <line num="107" count="222" type="stmt"/>
      </file>
    </package>
    <package name="game.ui">
      <metrics statements="157" coveredstatements="93" conditionals="53" coveredconditionals="13" methods="16" coveredmethods="7"/>
      <file name="RadialDial.ts" path="/Users/bblue/Dev/clicker-shipper/src/game/ui/RadialDial.ts">
        <metrics statements="157" coveredstatements="93" conditionals="53" coveredconditionals="13" methods="16" coveredmethods="7"/>
        <line num="4" count="1" type="stmt"/>
        <line num="5" count="21" type="stmt"/>
        <line num="6" count="21" type="stmt"/>
        <line num="7" count="21" type="stmt"/>
        <line num="8" count="21" type="stmt"/>
        <line num="9" count="21" type="stmt"/>
        <line num="10" count="21" type="stmt"/>
        <line num="11" count="21" type="stmt"/>
        <line num="12" count="21" type="stmt"/>
        <line num="13" count="21" type="stmt"/>
        <line num="14" count="21" type="stmt"/>
        <line num="15" count="21" type="stmt"/>
        <line num="16" count="21" type="stmt"/>
        <line num="17" count="21" type="stmt"/>
        <line num="18" count="21" type="stmt"/>
        <line num="19" count="21" type="stmt"/>
        <line num="20" count="21" type="stmt"/>
        <line num="21" count="21" type="stmt"/>
        <line num="22" count="21" type="stmt"/>
        <line num="23" count="21" type="stmt"/>
        <line num="26" count="21" type="stmt"/>
        <line num="27" count="21" type="stmt"/>
        <line num="28" count="21" type="stmt"/>
        <line num="29" count="21" type="stmt"/>
        <line num="30" count="21" type="stmt"/>
        <line num="32" count="21" type="stmt"/>
        <line num="33" count="21" type="stmt"/>
        <line num="34" count="21" type="stmt"/>
        <line num="37" count="21" type="stmt"/>
        <line num="39" count="21" type="stmt"/>
        <line num="40" count="21" type="stmt"/>
        <line num="44" count="21" type="stmt"/>
        <line num="45" count="0" type="stmt"/>
        <line num="48" count="21" type="stmt"/>
        <line num="49" count="0" type="stmt"/>
        <line num="54" count="0" type="stmt"/>
        <line num="55" count="0" type="stmt"/>
        <line num="56" count="0" type="stmt"/>
        <line num="59" count="0" type="cond" truecount="0" falsecount="2"/>
        <line num="60" count="0" type="cond" truecount="0" falsecount="2"/>
        <line num="61" count="0" type="stmt"/>
        <line num="62" count="0" type="stmt"/>
        <line num="64" count="0" type="stmt"/>
        <line num="68" count="0" type="cond" truecount="0" falsecount="4"/>
        <line num="69" count="0" type="stmt"/>
        <line num="70" count="0" type="stmt"/>
        <line num="71" count="0" type="stmt"/>
        <line num="72" count="0" type="stmt"/>
        <line num="74" count="0" type="cond" truecount="0" falsecount="4"/>
        <line num="75" count="0" type="stmt"/>
        <line num="76" count="0" type="stmt"/>
        <line num="79" count="0" type="cond" truecount="0" falsecount="4"/>
        <line num="80" count="0" type="stmt"/>
        <line num="81" count="0" type="stmt"/>
        <line num="88" count="0" type="cond" truecount="0" falsecount="2"/>
        <line num="89" count="0" type="cond" truecount="0" falsecount="2"/>
        <line num="90" count="0" type="stmt"/>
        <line num="91" count="0" type="stmt"/>
        <line num="93" count="0" type="stmt"/>
        <line num="96" count="0" type="cond" truecount="0" falsecount="2"/>
        <line num="98" count="0" type="cond" truecount="0" falsecount="2"/>
        <line num="100" count="0" type="stmt"/>
        <line num="101" count="0" type="stmt"/>
        <line num="102" count="0" type="stmt"/>
        <line num="103" count="0" type="stmt"/>
        <line num="104" count="0" type="stmt"/>
        <line num="105" count="0" type="stmt"/>
        <line num="106" count="0" type="cond" truecount="0" falsecount="2"/>
        <line num="108" count="0" type="stmt"/>
        <line num="109" count="0" type="stmt"/>
        <line num="110" count="0" type="stmt"/>
        <line num="116" count="22" type="stmt"/>
        <line num="117" count="22" type="stmt"/>
        <line num="118" count="22" type="stmt"/>
        <line num="119" count="22" type="stmt"/>
        <line num="120" count="22" type="stmt"/>
        <line num="121" count="22" type="stmt"/>
        <line num="123" count="22" type="cond" truecount="1" falsecount="1"/>
        <line num="124" count="22" type="stmt"/>
        <line num="127" count="22" type="stmt"/>
        <line num="128" count="22" type="cond" truecount="1" falsecount="1"/>
        <line num="129" count="22" type="stmt"/>
        <line num="130" count="22" type="stmt"/>
        <line num="133" count="22" type="cond" truecount="2" falsecount="2"/>
        <line num="135" count="0" type="stmt"/>
        <line num="136" count="0" type="cond" truecount="0" falsecount="2"/>
        <line num="137" count="0" type="stmt"/>
        <line num="138" count="0" type="stmt"/>
        <line num="139" count="0" type="stmt"/>
        <line num="141" count="0" type="stmt"/>
        <line num="145" count="22" type="cond" truecount="1" falsecount="1"/>
        <line num="146" count="0" type="stmt"/>
        <line num="147" count="0" type="stmt"/>
        <line num="148" count="0" type="stmt"/>
        <line num="149" count="0" type="stmt"/>
        <line num="151" count="22" type="stmt"/>
        <line num="152" count="22" type="stmt"/>
        <line num="157" count="22" type="stmt"/>
        <line num="158" count="44" type="stmt"/>
        <line num="159" count="44" type="stmt"/>
        <line num="160" count="44" type="stmt"/>
        <line num="161" count="44" type="cond" truecount="1" falsecount="1"/>
        <line num="164" count="44" type="stmt"/>
        <line num="165" count="44" type="stmt"/>
        <line num="166" count="44" type="stmt"/>
        <line num="167" count="44" type="stmt"/>
        <line num="168" count="44" type="stmt"/>
        <line num="172" count="44" type="stmt"/>
        <line num="173" count="44" type="stmt"/>
        <line num="174" count="44" type="stmt"/>
        <line num="175" count="44" type="stmt"/>
        <line num="176" count="44" type="stmt"/>
        <line num="178" count="44" type="stmt"/>
        <line num="181" count="44" type="stmt"/>
        <line num="182" count="44" type="stmt"/>
        <line num="183" count="44" type="stmt"/>
        <line num="184" count="44" type="stmt"/>
        <line num="185" count="44" type="stmt"/>
        <line num="188" count="44" type="cond" truecount="2" falsecount="2"/>
        <line num="189" count="0" type="stmt"/>
        <line num="190" count="0" type="cond" truecount="0" falsecount="2"/>
        <line num="192" count="0" type="stmt"/>
        <line num="193" count="0" type="stmt"/>
        <line num="194" count="0" type="stmt"/>
        <line num="195" count="0" type="stmt"/>
        <line num="198" count="0" type="stmt"/>
        <line num="204" count="0" type="stmt"/>
        <line num="205" count="0" type="stmt"/>
        <line num="206" count="0" type="stmt"/>
        <line num="210" count="44" type="stmt"/>
        <line num="216" count="44" type="stmt"/>
        <line num="217" count="44" type="stmt"/>
        <line num="218" count="44" type="stmt"/>
        <line num="221" count="44" type="cond" truecount="4" falsecount="1"/>
        <line num="222" count="44" type="stmt"/>
        <line num="223" count="44" type="stmt"/>
        <line num="224" count="44" type="stmt"/>
        <line num="229" count="44" type="stmt"/>
        <line num="230" count="44" type="stmt"/>
        <line num="231" count="44" type="stmt"/>
        <line num="237" count="22" type="stmt"/>
        <line num="238" count="22" type="stmt"/>
        <line num="242" count="22" type="stmt"/>
        <line num="243" count="22" type="stmt"/>
        <line num="244" count="22" type="stmt"/>
        <line num="245" count="22" type="stmt"/>
        <line num="246" count="22" type="stmt"/>
        <line num="247" count="22" type="stmt"/>
        <line num="251" count="43" type="cond" truecount="1" falsecount="1"/>
        <line num="252" count="43" type="stmt"/>
        <line num="255" count="43" type="stmt"/>
        <line num="259" count="0" type="stmt"/>
        <line num="260" count="0" type="stmt"/>
        <line num="261" count="0" type="stmt"/>
        <line num="262" count="0" type="stmt"/>
        <line num="263" count="0" type="stmt"/>
        <line num="264" count="0" type="stmt"/>
      </file>
    </package>
  </project>
</coverage>
