{"/Users/bblue/Dev/clicker-shipper/src/game/main.ts": {"path":"/Users/bblue/Dev/clicker-shipper/src/game/main.ts","statementMap":{"0":{"start":{"line":1,"column":0},"end":{"line":1,"column":37}},"1":{"start":{"line":2,"column":0},"end":{"line":2,"column":45}},"2":{"start":{"line":3,"column":0},"end":{"line":3,"column":49}},"3":{"start":{"line":4,"column":0},"end":{"line":4,"column":45}},"4":{"start":{"line":5,"column":0},"end":{"line":5,"column":45}},"5":{"start":{"line":6,"column":0},"end":{"line":6,"column":36}},"6":{"start":{"line":7,"column":0},"end":{"line":7,"column":47}},"7":{"start":{"line":11,"column":45},"end":{"line":39,"column":2}},"8":{"start":{"line":41,"column":18},"end":{"line":45,"column":1}},"9":{"start":{"line":43,"column":4},"end":{"line":43,"column":43}},"10":{"start":{"line":47,"column":0},"end":{"line":47,"column":25}}},"fnMap":{"0":{"name":"(anonymous_0)","decl":{"start":{"line":41,"column":18},"end":{"line":41,"column":19}},"loc":{"start":{"line":41,"column":37},"end":{"line":45,"column":1}}}},"branchMap":{},"s":{"0":0,"1":0,"2":0,"3":0,"4":0,"5":0,"6":0,"7":0,"8":0,"9":0,"10":0},"f":{"0":0},"b":{}}
,"/Users/bblue/Dev/clicker-shipper/src/game/managers/AssetLoader.ts": {"path":"/Users/bblue/Dev/clicker-shipper/src/game/managers/AssetLoader.ts","statementMap":{"0":{"start":{"line":13,"column":4},"end":{"line":18,"column":7}},"1":{"start":{"line":14,"column":6},"end":{"line":17,"column":9}},"2":{"start":{"line":15,"column":28},"end":{"line":15,"column":60}},"3":{"start":{"line":16,"column":8},"end":{"line":16,"column":50}},"4":{"start":{"line":3,"column":0},"end":{"line":3,"column":13}}},"fnMap":{"0":{"name":"(anonymous_0)","decl":{"start":{"line":12,"column":2},"end":{"line":12,"column":8}},"loc":{"start":{"line":12,"column":61},"end":{"line":19,"column":3}}},"1":{"name":"(anonymous_1)","decl":{"start":{"line":13,"column":18},"end":{"line":13,"column":19}},"loc":{"start":{"line":13,"column":31},"end":{"line":18,"column":5}}},"2":{"name":"(anonymous_2)","decl":{"start":{"line":14,"column":32},"end":{"line":14,"column":33}},"loc":{"start":{"line":14,"column":44},"end":{"line":17,"column":7}}}},"branchMap":{},"s":{"0":5,"1":5,"2":40,"3":40,"4":1},"f":{"0":5,"1":5,"2":40},"b":{}}
,"/Users/bblue/Dev/clicker-shipper/src/game/managers/GameManager.ts": {"path":"/Users/bblue/Dev/clicker-shipper/src/game/managers/GameManager.ts","statementMap":{"0":{"start":{"line":5,"column":10},"end":{"line":5,"column":null}},"1":{"start":{"line":6,"column":10},"end":{"line":6,"column":null}},"2":{"start":{"line":11,"column":4},"end":{"line":13,"column":5}},"3":{"start":{"line":12,"column":6},"end":{"line":12,"column":47}},"4":{"start":{"line":14,"column":4},"end":{"line":14,"column":32}},"5":{"start":{"line":18,"column":4},"end":{"line":18,"column":69}},"6":{"start":{"line":19,"column":22},"end":{"line":19,"column":70}},"7":{"start":{"line":20,"column":4},"end":{"line":20,"column":33}},"8":{"start":{"line":24,"column":4},"end":{"line":35,"column":7}},"9":{"start":{"line":25,"column":6},"end":{"line":25,"column":40}},"10":{"start":{"line":26,"column":6},"end":{"line":30,"column":9}},"11":{"start":{"line":27,"column":21},"end":{"line":27,"column":53}},"12":{"start":{"line":28,"column":8},"end":{"line":28,"column":44}},"13":{"start":{"line":29,"column":8},"end":{"line":29,"column":27}},"14":{"start":{"line":31,"column":6},"end":{"line":33,"column":9}},"15":{"start":{"line":32,"column":8},"end":{"line":32,"column":52}},"16":{"start":{"line":34,"column":6},"end":{"line":34,"column":25}},"17":{"start":{"line":39,"column":4},"end":{"line":41,"column":5}},"18":{"start":{"line":40,"column":6},"end":{"line":40,"column":79}},"19":{"start":{"line":42,"column":4},"end":{"line":42,"column":23}},"20":{"start":{"line":46,"column":4},"end":{"line":46,"column":22}},"21":{"start":{"line":50,"column":4},"end":{"line":50,"column":42}},"22":{"start":{"line":3,"column":0},"end":{"line":3,"column":13}}},"fnMap":{"0":{"name":"(anonymous_0)","decl":{"start":{"line":8,"column":2},"end":{"line":8,"column":25}},"loc":{"start":{"line":8,"column":2},"end":{"line":8,"column":26}}},"1":{"name":"(anonymous_1)","decl":{"start":{"line":10,"column":2},"end":{"line":10,"column":8}},"loc":{"start":{"line":10,"column":20},"end":{"line":15,"column":3}}},"2":{"name":"(anonymous_2)","decl":{"start":{"line":17,"column":2},"end":{"line":17,"column":7}},"loc":{"start":{"line":17,"column":77},"end":{"line":21,"column":3}}},"3":{"name":"(anonymous_3)","decl":{"start":{"line":23,"column":10},"end":{"line":23,"column":18}},"loc":{"start":{"line":23,"column":55},"end":{"line":36,"column":3}}},"4":{"name":"(anonymous_4)","decl":{"start":{"line":24,"column":23},"end":{"line":24,"column":24}},"loc":{"start":{"line":24,"column":43},"end":{"line":35,"column":5}}},"5":{"name":"(anonymous_5)","decl":{"start":{"line":26,"column":34},"end":{"line":26,"column":37}},"loc":{"start":{"line":26,"column":39},"end":{"line":30,"column":7}}},"6":{"name":"(anonymous_6)","decl":{"start":{"line":31,"column":35},"end":{"line":31,"column":38}},"loc":{"start":{"line":31,"column":40},"end":{"line":33,"column":7}}},"7":{"name":"(anonymous_7)","decl":{"start":{"line":38,"column":2},"end":{"line":38,"column":11}},"loc":{"start":{"line":38,"column":11},"end":{"line":43,"column":3}}},"8":{"name":"(anonymous_8)","decl":{"start":{"line":45,"column":2},"end":{"line":45,"column":10}},"loc":{"start":{"line":45,"column":10},"end":{"line":47,"column":3}}},"9":{"name":"(anonymous_9)","decl":{"start":{"line":49,"column":2},"end":{"line":49,"column":18}},"loc":{"start":{"line":49,"column":18},"end":{"line":51,"column":3}}}},"branchMap":{"0":{"loc":{"start":{"line":11,"column":4},"end":{"line":13,"column":5}},"type":"if","locations":[{"start":{"line":11,"column":4},"end":{"line":13,"column":5}},{"start":{},"end":{}}]},"1":{"loc":{"start":{"line":39,"column":4},"end":{"line":41,"column":5}},"type":"if","locations":[{"start":{"line":39,"column":4},"end":{"line":41,"column":5}},{"start":{},"end":{}}]}},"s":{"0":9,"1":9,"2":13,"3":9,"4":13,"5":4,"6":4,"7":4,"8":8,"9":8,"10":8,"11":8,"12":8,"13":8,"14":8,"15":0,"16":8,"17":5,"18":2,"19":3,"20":3,"21":2,"22":1},"f":{"0":9,"1":13,"2":4,"3":8,"4":8,"5":8,"6":0,"7":5,"8":3,"9":2},"b":{"0":[9,4],"1":[2,3]}}
,"/Users/bblue/Dev/clicker-shipper/src/game/managers/OrderGenerator.ts": {"path":"/Users/bblue/Dev/clicker-shipper/src/game/managers/OrderGenerator.ts","statementMap":{"0":{"start":{"line":1,"column":0},"end":{"line":1,"column":44}},"1":{"start":{"line":16,"column":10},"end":{"line":16,"column":null}},"2":{"start":{"line":17,"column":10},"end":{"line":17,"column":null}},"3":{"start":{"line":20,"column":4},"end":{"line":20,"column":49}},"4":{"start":{"line":24,"column":4},"end":{"line":24,"column":22}},"5":{"start":{"line":25,"column":20},"end":{"line":25,"column":46}},"6":{"start":{"line":28,"column":19},"end":{"line":28,"column":38}},"7":{"start":{"line":31,"column":25},"end":{"line":31,"column":55}},"8":{"start":{"line":33,"column":4},"end":{"line":37,"column":6}},"9":{"start":{"line":42,"column":4},"end":{"line":42,"column":47}},"10":{"start":{"line":46,"column":24},"end":{"line":46,"column":45}},"11":{"start":{"line":47,"column":45},"end":{"line":47,"column":47}},"12":{"start":{"line":48,"column":26},"end":{"line":48,"column":32}},"13":{"start":{"line":49,"column":20},"end":{"line":49,"column":53}},"14":{"start":{"line":50,"column":19},"end":{"line":50,"column":20}},"15":{"start":{"line":51,"column":24},"end":{"line":51,"column":27}},"16":{"start":{"line":53,"column":4},"end":{"line":83,"column":5}},"17":{"start":{"line":54,"column":6},"end":{"line":54,"column":17}},"18":{"start":{"line":57,"column":26},"end":{"line":57,"column":72}},"19":{"start":{"line":58,"column":22},"end":{"line":58,"column":46}},"20":{"start":{"line":61,"column":26},"end":{"line":61,"column":73}},"21":{"start":{"line":61,"column":49},"end":{"line":61,"column":72}},"22":{"start":{"line":62,"column":6},"end":{"line":64,"column":7}},"23":{"start":{"line":63,"column":8},"end":{"line":63,"column":17}},"24":{"start":{"line":67,"column":26},"end":{"line":67,"column":68}},"25":{"start":{"line":68,"column":6},"end":{"line":70,"column":7}},"26":{"start":{"line":69,"column":8},"end":{"line":69,"column":17}},"27":{"start":{"line":72,"column":23},"end":{"line":72,"column":79}},"28":{"start":{"line":73,"column":24},"end":{"line":73,"column":47}},"29":{"start":{"line":75,"column":6},"end":{"line":82,"column":7}},"30":{"start":{"line":76,"column":8},"end":{"line":80,"column":11}},"31":{"start":{"line":81,"column":8},"end":{"line":81,"column":37}},"32":{"start":{"line":86,"column":4},"end":{"line":88,"column":5}},"33":{"start":{"line":87,"column":6},"end":{"line":87,"column":57}},"34":{"start":{"line":90,"column":4},"end":{"line":90,"column":24}},"35":{"start":{"line":94,"column":18},"end":{"line":94,"column":45}},"36":{"start":{"line":95,"column":75},"end":{"line":95,"column":77}},"37":{"start":{"line":97,"column":4},"end":{"line":105,"column":7}},"38":{"start":{"line":98,"column":6},"end":{"line":104,"column":9}},"39":{"start":{"line":99,"column":8},"end":{"line":103,"column":11}},"40":{"start":{"line":107,"column":4},"end":{"line":107,"column":23}},"41":{"start":{"line":15,"column":0},"end":{"line":15,"column":13}}},"fnMap":{"0":{"name":"(anonymous_0)","decl":{"start":{"line":19,"column":2},"end":{"line":19,"column":null}},"loc":{"start":{"line":19,"column":2},"end":{"line":21,"column":3}}},"1":{"name":"(anonymous_1)","decl":{"start":{"line":23,"column":2},"end":{"line":23,"column":15}},"loc":{"start":{"line":23,"column":15},"end":{"line":38,"column":3}}},"2":{"name":"(anonymous_2)","decl":{"start":{"line":40,"column":10},"end":{"line":40,"column":22}},"loc":{"start":{"line":40,"column":22},"end":{"line":43,"column":3}}},"3":{"name":"(anonymous_3)","decl":{"start":{"line":45,"column":10},"end":{"line":45,"column":27}},"loc":{"start":{"line":45,"column":42},"end":{"line":91,"column":3}}},"4":{"name":"(anonymous_4)","decl":{"start":{"line":61,"column":44},"end":{"line":61,"column":45}},"loc":{"start":{"line":61,"column":49},"end":{"line":61,"column":72}}},"5":{"name":"(anonymous_5)","decl":{"start":{"line":93,"column":10},"end":{"line":93,"column":24}},"loc":{"start":{"line":93,"column":24},"end":{"line":108,"column":3}}},"6":{"name":"(anonymous_6)","decl":{"start":{"line":97,"column":18},"end":{"line":97,"column":22}},"loc":{"start":{"line":97,"column":25},"end":{"line":105,"column":5}}},"7":{"name":"(anonymous_7)","decl":{"start":{"line":98,"column":28},"end":{"line":98,"column":29}},"loc":{"start":{"line":98,"column":45},"end":{"line":104,"column":7}}}},"branchMap":{"0":{"loc":{"start":{"line":53,"column":11},"end":{"line":53,"column":68}},"type":"binary-expr","locations":[{"start":{"line":53,"column":11},"end":{"line":53,"column":42}},{"start":{"line":53,"column":46},"end":{"line":53,"column":68}}]},"1":{"loc":{"start":{"line":62,"column":6},"end":{"line":64,"column":7}},"type":"if","locations":[{"start":{"line":62,"column":6},"end":{"line":64,"column":7}},{"start":{},"end":{}}]},"2":{"loc":{"start":{"line":62,"column":10},"end":{"line":62,"column":45}},"type":"binary-expr","locations":[{"start":{"line":62,"column":10},"end":{"line":62,"column":21}},{"start":{"line":62,"column":25},"end":{"line":62,"column":45}}]},"3":{"loc":{"start":{"line":68,"column":6},"end":{"line":70,"column":7}},"type":"if","locations":[{"start":{"line":68,"column":6},"end":{"line":70,"column":7}},{"start":{},"end":{}}]},"4":{"loc":{"start":{"line":75,"column":6},"end":{"line":82,"column":7}},"type":"if","locations":[{"start":{"line":75,"column":6},"end":{"line":82,"column":7}},{"start":{},"end":{}}]},"5":{"loc":{"start":{"line":86,"column":4},"end":{"line":88,"column":5}},"type":"if","locations":[{"start":{"line":86,"column":4},"end":{"line":88,"column":5}},{"start":{},"end":{}}]}},"s":{"0":1,"1":8,"2":8,"3":8,"4":222,"5":222,"6":222,"7":222,"8":222,"9":222,"10":222,"11":222,"12":222,"13":222,"14":222,"15":222,"16":222,"17":14014,"18":14014,"19":14014,"20":14014,"21":22151,"22":14014,"23":3773,"24":10241,"25":10241,"26":9856,"27":385,"28":385,"29":385,"30":385,"31":385,"32":222,"33":0,"34":222,"35":222,"36":222,"37":222,"38":222,"39":1332,"40":222,"41":1},"f":{"0":8,"1":222,"2":222,"3":222,"4":22151,"5":222,"6":222,"7":1332},"b":{"0":[14236,14150],"1":[3773,10241],"2":[14014,3956],"3":[9856,385],"4":[385,0],"5":[0,222]}}
}
