{"/Users/bblue/Dev/clicker-shipper/src/game/main.ts": {"path":"/Users/bblue/Dev/clicker-shipper/src/game/main.ts","statementMap":{"0":{"start":{"line":1,"column":0},"end":{"line":1,"column":37}},"1":{"start":{"line":2,"column":0},"end":{"line":2,"column":45}},"2":{"start":{"line":3,"column":0},"end":{"line":3,"column":49}},"3":{"start":{"line":4,"column":0},"end":{"line":4,"column":45}},"4":{"start":{"line":5,"column":0},"end":{"line":5,"column":36}},"5":{"start":{"line":6,"column":0},"end":{"line":6,"column":47}},"6":{"start":{"line":10,"column":45},"end":{"line":23,"column":2}},"7":{"start":{"line":25,"column":18},"end":{"line":29,"column":1}},"8":{"start":{"line":27,"column":4},"end":{"line":27,"column":43}},"9":{"start":{"line":31,"column":0},"end":{"line":31,"column":25}}},"fnMap":{"0":{"name":"(anonymous_0)","decl":{"start":{"line":25,"column":18},"end":{"line":25,"column":19}},"loc":{"start":{"line":25,"column":37},"end":{"line":29,"column":1}}}},"branchMap":{},"s":{"0":0,"1":0,"2":0,"3":0,"4":0,"5":0,"6":0,"7":0,"8":0,"9":0},"f":{"0":0},"b":{}}
,"/Users/bblue/Dev/clicker-shipper/src/game/managers/AssetLoader.ts": {"path":"/Users/bblue/Dev/clicker-shipper/src/game/managers/AssetLoader.ts","statementMap":{"0":{"start":{"line":13,"column":4},"end":{"line":18,"column":7}},"1":{"start":{"line":14,"column":6},"end":{"line":17,"column":9}},"2":{"start":{"line":15,"column":28},"end":{"line":15,"column":60}},"3":{"start":{"line":16,"column":8},"end":{"line":16,"column":50}},"4":{"start":{"line":3,"column":0},"end":{"line":3,"column":13}}},"fnMap":{"0":{"name":"(anonymous_0)","decl":{"start":{"line":12,"column":2},"end":{"line":12,"column":8}},"loc":{"start":{"line":12,"column":61},"end":{"line":19,"column":3}}},"1":{"name":"(anonymous_1)","decl":{"start":{"line":13,"column":18},"end":{"line":13,"column":19}},"loc":{"start":{"line":13,"column":31},"end":{"line":18,"column":5}}},"2":{"name":"(anonymous_2)","decl":{"start":{"line":14,"column":32},"end":{"line":14,"column":33}},"loc":{"start":{"line":14,"column":44},"end":{"line":17,"column":7}}}},"branchMap":{},"s":{"0":5,"1":5,"2":40,"3":40,"4":1},"f":{"0":5,"1":5,"2":40},"b":{}}
,"/Users/bblue/Dev/clicker-shipper/src/game/managers/GameManager.ts": {"path":"/Users/bblue/Dev/clicker-shipper/src/game/managers/GameManager.ts","statementMap":{"0":{"start":{"line":5,"column":10},"end":{"line":5,"column":null}},"1":{"start":{"line":6,"column":10},"end":{"line":6,"column":null}},"2":{"start":{"line":11,"column":4},"end":{"line":13,"column":5}},"3":{"start":{"line":12,"column":6},"end":{"line":12,"column":47}},"4":{"start":{"line":14,"column":4},"end":{"line":14,"column":32}},"5":{"start":{"line":18,"column":4},"end":{"line":18,"column":69}},"6":{"start":{"line":19,"column":22},"end":{"line":19,"column":70}},"7":{"start":{"line":20,"column":4},"end":{"line":20,"column":33}},"8":{"start":{"line":24,"column":4},"end":{"line":35,"column":7}},"9":{"start":{"line":25,"column":6},"end":{"line":25,"column":40}},"10":{"start":{"line":26,"column":6},"end":{"line":30,"column":9}},"11":{"start":{"line":27,"column":21},"end":{"line":27,"column":53}},"12":{"start":{"line":28,"column":8},"end":{"line":28,"column":44}},"13":{"start":{"line":29,"column":8},"end":{"line":29,"column":27}},"14":{"start":{"line":31,"column":6},"end":{"line":33,"column":9}},"15":{"start":{"line":32,"column":8},"end":{"line":32,"column":52}},"16":{"start":{"line":34,"column":6},"end":{"line":34,"column":25}},"17":{"start":{"line":39,"column":4},"end":{"line":41,"column":5}},"18":{"start":{"line":40,"column":6},"end":{"line":40,"column":79}},"19":{"start":{"line":42,"column":4},"end":{"line":42,"column":23}},"20":{"start":{"line":46,"column":4},"end":{"line":46,"column":22}},"21":{"start":{"line":50,"column":4},"end":{"line":50,"column":42}},"22":{"start":{"line":3,"column":0},"end":{"line":3,"column":13}}},"fnMap":{"0":{"name":"(anonymous_0)","decl":{"start":{"line":8,"column":2},"end":{"line":8,"column":25}},"loc":{"start":{"line":8,"column":2},"end":{"line":8,"column":26}}},"1":{"name":"(anonymous_1)","decl":{"start":{"line":10,"column":2},"end":{"line":10,"column":8}},"loc":{"start":{"line":10,"column":20},"end":{"line":15,"column":3}}},"2":{"name":"(anonymous_2)","decl":{"start":{"line":17,"column":2},"end":{"line":17,"column":7}},"loc":{"start":{"line":17,"column":77},"end":{"line":21,"column":3}}},"3":{"name":"(anonymous_3)","decl":{"start":{"line":23,"column":10},"end":{"line":23,"column":18}},"loc":{"start":{"line":23,"column":55},"end":{"line":36,"column":3}}},"4":{"name":"(anonymous_4)","decl":{"start":{"line":24,"column":23},"end":{"line":24,"column":24}},"loc":{"start":{"line":24,"column":43},"end":{"line":35,"column":5}}},"5":{"name":"(anonymous_5)","decl":{"start":{"line":26,"column":34},"end":{"line":26,"column":37}},"loc":{"start":{"line":26,"column":39},"end":{"line":30,"column":7}}},"6":{"name":"(anonymous_6)","decl":{"start":{"line":31,"column":35},"end":{"line":31,"column":38}},"loc":{"start":{"line":31,"column":40},"end":{"line":33,"column":7}}},"7":{"name":"(anonymous_7)","decl":{"start":{"line":38,"column":2},"end":{"line":38,"column":11}},"loc":{"start":{"line":38,"column":11},"end":{"line":43,"column":3}}},"8":{"name":"(anonymous_8)","decl":{"start":{"line":45,"column":2},"end":{"line":45,"column":10}},"loc":{"start":{"line":45,"column":10},"end":{"line":47,"column":3}}},"9":{"name":"(anonymous_9)","decl":{"start":{"line":49,"column":2},"end":{"line":49,"column":18}},"loc":{"start":{"line":49,"column":18},"end":{"line":51,"column":3}}}},"branchMap":{"0":{"loc":{"start":{"line":11,"column":4},"end":{"line":13,"column":5}},"type":"if","locations":[{"start":{"line":11,"column":4},"end":{"line":13,"column":5}},{"start":{},"end":{}}]},"1":{"loc":{"start":{"line":39,"column":4},"end":{"line":41,"column":5}},"type":"if","locations":[{"start":{"line":39,"column":4},"end":{"line":41,"column":5}},{"start":{},"end":{}}]}},"s":{"0":9,"1":9,"2":13,"3":9,"4":13,"5":4,"6":4,"7":4,"8":8,"9":8,"10":8,"11":8,"12":8,"13":8,"14":8,"15":0,"16":8,"17":5,"18":2,"19":3,"20":3,"21":2,"22":1},"f":{"0":9,"1":13,"2":4,"3":8,"4":8,"5":8,"6":0,"7":5,"8":3,"9":2},"b":{"0":[9,4],"1":[2,3]}}
,"/Users/bblue/Dev/clicker-shipper/src/game/managers/OrderGenerator.ts": {"path":"/Users/bblue/Dev/clicker-shipper/src/game/managers/OrderGenerator.ts","statementMap":{"0":{"start":{"line":1,"column":0},"end":{"line":1,"column":44}},"1":{"start":{"line":16,"column":10},"end":{"line":16,"column":null}},"2":{"start":{"line":17,"column":10},"end":{"line":17,"column":null}},"3":{"start":{"line":20,"column":4},"end":{"line":20,"column":49}},"4":{"start":{"line":24,"column":4},"end":{"line":24,"column":22}},"5":{"start":{"line":25,"column":20},"end":{"line":25,"column":46}},"6":{"start":{"line":28,"column":19},"end":{"line":28,"column":38}},"7":{"start":{"line":31,"column":25},"end":{"line":31,"column":55}},"8":{"start":{"line":33,"column":4},"end":{"line":37,"column":6}},"9":{"start":{"line":42,"column":4},"end":{"line":42,"column":47}},"10":{"start":{"line":46,"column":24},"end":{"line":46,"column":45}},"11":{"start":{"line":47,"column":45},"end":{"line":47,"column":47}},"12":{"start":{"line":48,"column":26},"end":{"line":48,"column":32}},"13":{"start":{"line":49,"column":20},"end":{"line":49,"column":53}},"14":{"start":{"line":50,"column":19},"end":{"line":50,"column":20}},"15":{"start":{"line":51,"column":24},"end":{"line":51,"column":27}},"16":{"start":{"line":53,"column":4},"end":{"line":83,"column":5}},"17":{"start":{"line":54,"column":6},"end":{"line":54,"column":17}},"18":{"start":{"line":57,"column":26},"end":{"line":57,"column":72}},"19":{"start":{"line":58,"column":22},"end":{"line":58,"column":46}},"20":{"start":{"line":61,"column":26},"end":{"line":61,"column":73}},"21":{"start":{"line":61,"column":49},"end":{"line":61,"column":72}},"22":{"start":{"line":62,"column":6},"end":{"line":64,"column":7}},"23":{"start":{"line":63,"column":8},"end":{"line":63,"column":17}},"24":{"start":{"line":67,"column":26},"end":{"line":67,"column":68}},"25":{"start":{"line":68,"column":6},"end":{"line":70,"column":7}},"26":{"start":{"line":69,"column":8},"end":{"line":69,"column":17}},"27":{"start":{"line":72,"column":23},"end":{"line":72,"column":79}},"28":{"start":{"line":73,"column":24},"end":{"line":73,"column":47}},"29":{"start":{"line":75,"column":6},"end":{"line":82,"column":7}},"30":{"start":{"line":76,"column":8},"end":{"line":80,"column":11}},"31":{"start":{"line":81,"column":8},"end":{"line":81,"column":37}},"32":{"start":{"line":86,"column":4},"end":{"line":88,"column":5}},"33":{"start":{"line":87,"column":6},"end":{"line":87,"column":57}},"34":{"start":{"line":90,"column":4},"end":{"line":90,"column":24}},"35":{"start":{"line":94,"column":18},"end":{"line":94,"column":45}},"36":{"start":{"line":95,"column":75},"end":{"line":95,"column":77}},"37":{"start":{"line":97,"column":4},"end":{"line":105,"column":7}},"38":{"start":{"line":98,"column":6},"end":{"line":104,"column":9}},"39":{"start":{"line":99,"column":8},"end":{"line":103,"column":11}},"40":{"start":{"line":107,"column":4},"end":{"line":107,"column":23}},"41":{"start":{"line":15,"column":0},"end":{"line":15,"column":13}}},"fnMap":{"0":{"name":"(anonymous_0)","decl":{"start":{"line":19,"column":2},"end":{"line":19,"column":null}},"loc":{"start":{"line":19,"column":2},"end":{"line":21,"column":3}}},"1":{"name":"(anonymous_1)","decl":{"start":{"line":23,"column":2},"end":{"line":23,"column":15}},"loc":{"start":{"line":23,"column":15},"end":{"line":38,"column":3}}},"2":{"name":"(anonymous_2)","decl":{"start":{"line":40,"column":10},"end":{"line":40,"column":22}},"loc":{"start":{"line":40,"column":22},"end":{"line":43,"column":3}}},"3":{"name":"(anonymous_3)","decl":{"start":{"line":45,"column":10},"end":{"line":45,"column":27}},"loc":{"start":{"line":45,"column":42},"end":{"line":91,"column":3}}},"4":{"name":"(anonymous_4)","decl":{"start":{"line":61,"column":44},"end":{"line":61,"column":45}},"loc":{"start":{"line":61,"column":49},"end":{"line":61,"column":72}}},"5":{"name":"(anonymous_5)","decl":{"start":{"line":93,"column":10},"end":{"line":93,"column":24}},"loc":{"start":{"line":93,"column":24},"end":{"line":108,"column":3}}},"6":{"name":"(anonymous_6)","decl":{"start":{"line":97,"column":18},"end":{"line":97,"column":22}},"loc":{"start":{"line":97,"column":25},"end":{"line":105,"column":5}}},"7":{"name":"(anonymous_7)","decl":{"start":{"line":98,"column":28},"end":{"line":98,"column":29}},"loc":{"start":{"line":98,"column":45},"end":{"line":104,"column":7}}}},"branchMap":{"0":{"loc":{"start":{"line":53,"column":11},"end":{"line":53,"column":68}},"type":"binary-expr","locations":[{"start":{"line":53,"column":11},"end":{"line":53,"column":42}},{"start":{"line":53,"column":46},"end":{"line":53,"column":68}}]},"1":{"loc":{"start":{"line":62,"column":6},"end":{"line":64,"column":7}},"type":"if","locations":[{"start":{"line":62,"column":6},"end":{"line":64,"column":7}},{"start":{},"end":{}}]},"2":{"loc":{"start":{"line":62,"column":10},"end":{"line":62,"column":45}},"type":"binary-expr","locations":[{"start":{"line":62,"column":10},"end":{"line":62,"column":21}},{"start":{"line":62,"column":25},"end":{"line":62,"column":45}}]},"3":{"loc":{"start":{"line":68,"column":6},"end":{"line":70,"column":7}},"type":"if","locations":[{"start":{"line":68,"column":6},"end":{"line":70,"column":7}},{"start":{},"end":{}}]},"4":{"loc":{"start":{"line":75,"column":6},"end":{"line":82,"column":7}},"type":"if","locations":[{"start":{"line":75,"column":6},"end":{"line":82,"column":7}},{"start":{},"end":{}}]},"5":{"loc":{"start":{"line":86,"column":4},"end":{"line":88,"column":5}},"type":"if","locations":[{"start":{"line":86,"column":4},"end":{"line":88,"column":5}},{"start":{},"end":{}}]}},"s":{"0":1,"1":8,"2":8,"3":8,"4":222,"5":222,"6":222,"7":222,"8":222,"9":222,"10":222,"11":222,"12":222,"13":222,"14":222,"15":222,"16":222,"17":14020,"18":14020,"19":14020,"20":14020,"21":22082,"22":14020,"23":3703,"24":10317,"25":10317,"26":9941,"27":376,"28":376,"29":376,"30":376,"31":376,"32":222,"33":0,"34":222,"35":222,"36":222,"37":222,"38":222,"39":1332,"40":222,"41":1},"f":{"0":8,"1":222,"2":222,"3":222,"4":22082,"5":222,"6":222,"7":1332},"b":{"0":[14242,14158],"1":[3703,10317],"2":[14020,3894],"3":[9941,376],"4":[376,0],"5":[0,222]}}
,"/Users/bblue/Dev/clicker-shipper/src/game/ui/RadialDial.ts": {"path":"/Users/bblue/Dev/clicker-shipper/src/game/ui/RadialDial.ts","statementMap":{"0":{"start":{"line":5,"column":10},"end":{"line":5,"column":null}},"1":{"start":{"line":6,"column":10},"end":{"line":6,"column":null}},"2":{"start":{"line":7,"column":10},"end":{"line":7,"column":36}},"3":{"start":{"line":8,"column":10},"end":{"line":8,"column":null}},"4":{"start":{"line":9,"column":10},"end":{"line":9,"column":null}},"5":{"start":{"line":10,"column":10},"end":{"line":10,"column":34}},"6":{"start":{"line":11,"column":19},"end":{"line":11,"column":null}},"7":{"start":{"line":12,"column":19},"end":{"line":12,"column":null}},"8":{"start":{"line":13,"column":10},"end":{"line":13,"column":null}},"9":{"start":{"line":14,"column":10},"end":{"line":14,"column":null}},"10":{"start":{"line":15,"column":10},"end":{"line":15,"column":null}},"11":{"start":{"line":16,"column":10},"end":{"line":16,"column":null}},"12":{"start":{"line":17,"column":10},"end":{"line":17,"column":null}},"13":{"start":{"line":18,"column":10},"end":{"line":18,"column":null}},"14":{"start":{"line":19,"column":10},"end":{"line":19,"column":null}},"15":{"start":{"line":20,"column":10},"end":{"line":20,"column":null}},"16":{"start":{"line":21,"column":10},"end":{"line":21,"column":null}},"17":{"start":{"line":22,"column":10},"end":{"line":22,"column":null}},"18":{"start":{"line":23,"column":10},"end":{"line":23,"column":null}},"19":{"start":{"line":26,"column":4},"end":{"line":26,"column":23}},"20":{"start":{"line":27,"column":4},"end":{"line":27,"column":23}},"21":{"start":{"line":28,"column":4},"end":{"line":28,"column":19}},"22":{"start":{"line":29,"column":4},"end":{"line":29,"column":19}},"23":{"start":{"line":30,"column":4},"end":{"line":30,"column":28}},"24":{"start":{"line":32,"column":4},"end":{"line":32,"column":46}},"25":{"start":{"line":33,"column":4},"end":{"line":33,"column":78}},"26":{"start":{"line":34,"column":4},"end":{"line":34,"column":34}},"27":{"start":{"line":37,"column":4},"end":{"line":37,"column":52}},"28":{"start":{"line":39,"column":4},"end":{"line":39,"column":30}},"29":{"start":{"line":40,"column":4},"end":{"line":40,"column":17}},"30":{"start":{"line":44,"column":4},"end":{"line":46,"column":7}},"31":{"start":{"line":45,"column":6},"end":{"line":45,"column":36}},"32":{"start":{"line":48,"column":4},"end":{"line":50,"column":7}},"33":{"start":{"line":49,"column":6},"end":{"line":49,"column":25}},"34":{"start":{"line":54,"column":15},"end":{"line":54,"column":37}},"35":{"start":{"line":55,"column":15},"end":{"line":55,"column":37}},"36":{"start":{"line":56,"column":21},"end":{"line":56,"column":49}},"37":{"start":{"line":59,"column":4},"end":{"line":65,"column":5}},"38":{"start":{"line":60,"column":6},"end":{"line":63,"column":7}},"39":{"start":{"line":61,"column":8},"end":{"line":61,"column":42}},"40":{"start":{"line":62,"column":8},"end":{"line":62,"column":26}},"41":{"start":{"line":64,"column":6},"end":{"line":64,"column":13}},"42":{"start":{"line":68,"column":4},"end":{"line":83,"column":5}},"43":{"start":{"line":69,"column":20},"end":{"line":69,"column":61}},"44":{"start":{"line":70,"column":30},"end":{"line":70,"column":49}},"45":{"start":{"line":71,"column":25},"end":{"line":71,"column":46}},"46":{"start":{"line":72,"column":25},"end":{"line":72,"column":65}},"47":{"start":{"line":74,"column":6},"end":{"line":77,"column":7}},"48":{"start":{"line":75,"column":8},"end":{"line":75,"column":48}},"49":{"start":{"line":76,"column":8},"end":{"line":76,"column":26}},"50":{"start":{"line":79,"column":6},"end":{"line":82,"column":7}},"51":{"start":{"line":80,"column":8},"end":{"line":80,"column":40}},"52":{"start":{"line":81,"column":8},"end":{"line":81,"column":26}},"53":{"start":{"line":88,"column":4},"end":{"line":94,"column":5}},"54":{"start":{"line":89,"column":6},"end":{"line":92,"column":7}},"55":{"start":{"line":90,"column":8},"end":{"line":90,"column":21}},"56":{"start":{"line":91,"column":8},"end":{"line":91,"column":46}},"57":{"start":{"line":93,"column":6},"end":{"line":93,"column":13}},"58":{"start":{"line":96,"column":4},"end":{"line":96,"column":50}},"59":{"start":{"line":96,"column":43},"end":{"line":96,"column":50}},"60":{"start":{"line":98,"column":4},"end":{"line":111,"column":5}},"61":{"start":{"line":100,"column":6},"end":{"line":100,"column":70}},"62":{"start":{"line":101,"column":6},"end":{"line":101,"column":61}},"63":{"start":{"line":102,"column":6},"end":{"line":102,"column":28}},"64":{"start":{"line":103,"column":6},"end":{"line":103,"column":30}},"65":{"start":{"line":104,"column":6},"end":{"line":104,"column":24}},"66":{"start":{"line":105,"column":6},"end":{"line":105,"column":94}},"67":{"start":{"line":106,"column":11},"end":{"line":111,"column":5}},"68":{"start":{"line":108,"column":27},"end":{"line":108,"column":75}},"69":{"start":{"line":109,"column":6},"end":{"line":109,"column":74}},"70":{"start":{"line":110,"column":6},"end":{"line":110,"column":19}},"71":{"start":{"line":116,"column":4},"end":{"line":116,"column":49}},"72":{"start":{"line":116,"column":36},"end":{"line":116,"column":47}},"73":{"start":{"line":117,"column":4},"end":{"line":117,"column":46}},"74":{"start":{"line":117,"column":33},"end":{"line":117,"column":44}},"75":{"start":{"line":118,"column":4},"end":{"line":118,"column":47}},"76":{"start":{"line":118,"column":34},"end":{"line":118,"column":45}},"77":{"start":{"line":119,"column":4},"end":{"line":119,"column":28}},"78":{"start":{"line":120,"column":4},"end":{"line":120,"column":25}},"79":{"start":{"line":121,"column":4},"end":{"line":121,"column":26}},"80":{"start":{"line":123,"column":25},"end":{"line":123,"column":84}},"81":{"start":{"line":124,"column":23},"end":{"line":124,"column":54}},"82":{"start":{"line":127,"column":4},"end":{"line":127,"column":31}},"83":{"start":{"line":128,"column":24},"end":{"line":128,"column":81}},"84":{"start":{"line":129,"column":4},"end":{"line":129,"column":49}},"85":{"start":{"line":130,"column":4},"end":{"line":130,"column":77}},"86":{"start":{"line":133,"column":4},"end":{"line":154,"column":5}},"87":{"start":{"line":135,"column":22},"end":{"line":135,"column":56}},"88":{"start":{"line":136,"column":6},"end":{"line":142,"column":7}},"89":{"start":{"line":137,"column":8},"end":{"line":137,"column":44}},"90":{"start":{"line":138,"column":8},"end":{"line":138,"column":61}},"91":{"start":{"line":139,"column":8},"end":{"line":139,"column":42}},"92":{"start":{"line":141,"column":8},"end":{"line":141,"column":43}},"93":{"start":{"line":145,"column":6},"end":{"line":153,"column":7}},"94":{"start":{"line":146,"column":8},"end":{"line":146,"column":62}},"95":{"start":{"line":147,"column":8},"end":{"line":147,"column":52}},"96":{"start":{"line":148,"column":8},"end":{"line":148,"column":61}},"97":{"start":{"line":149,"column":8},"end":{"line":149,"column":42}},"98":{"start":{"line":151,"column":8},"end":{"line":151,"column":127}},"99":{"start":{"line":152,"column":8},"end":{"line":152,"column":43}},"100":{"start":{"line":157,"column":4},"end":{"line":220,"column":5}},"101":{"start":{"line":157,"column":17},"end":{"line":157,"column":18}},"102":{"start":{"line":158,"column":25},"end":{"line":158,"column":53}},"103":{"start":{"line":159,"column":23},"end":{"line":159,"column":46}},"104":{"start":{"line":160,"column":28},"end":{"line":160,"column":60}},"105":{"start":{"line":161,"column":20},"end":{"line":161,"column":55}},"106":{"start":{"line":164,"column":23},"end":{"line":164,"column":48}},"107":{"start":{"line":165,"column":6},"end":{"line":165,"column":37}},"108":{"start":{"line":166,"column":6},"end":{"line":166,"column":27}},"109":{"start":{"line":167,"column":6},"end":{"line":167,"column":46}},"110":{"start":{"line":168,"column":6},"end":{"line":171,"column":8}},"111":{"start":{"line":172,"column":6},"end":{"line":172,"column":83}},"112":{"start":{"line":173,"column":6},"end":{"line":173,"column":46}},"113":{"start":{"line":174,"column":6},"end":{"line":174,"column":27}},"114":{"start":{"line":175,"column":6},"end":{"line":175,"column":26}},"115":{"start":{"line":176,"column":6},"end":{"line":176,"column":27}},"116":{"start":{"line":178,"column":6},"end":{"line":178,"column":40}},"117":{"start":{"line":181,"column":23},"end":{"line":181,"column":50}},"118":{"start":{"line":182,"column":27},"end":{"line":182,"column":48}},"119":{"start":{"line":183,"column":20},"end":{"line":183,"column":66}},"120":{"start":{"line":184,"column":20},"end":{"line":184,"column":66}},"121":{"start":{"line":185,"column":19},"end":{"line":185,"column":34}},"122":{"start":{"line":188,"column":6},"end":{"line":219,"column":7}},"123":{"start":{"line":189,"column":24},"end":{"line":189,"column":39}},"124":{"start":{"line":190,"column":8},"end":{"line":207,"column":9}},"125":{"start":{"line":192,"column":24},"end":{"line":192,"column":70}},"126":{"start":{"line":193,"column":10},"end":{"line":193,"column":30}},"127":{"start":{"line":194,"column":10},"end":{"line":194,"column":28}},"128":{"start":{"line":195,"column":10},"end":{"line":195,"column":39}},"129":{"start":{"line":198,"column":23},"end":{"line":203,"column":12}},"130":{"start":{"line":204,"column":10},"end":{"line":204,"column":35}},"131":{"start":{"line":205,"column":10},"end":{"line":205,"column":27}},"132":{"start":{"line":206,"column":10},"end":{"line":206,"column":37}},"133":{"start":{"line":210,"column":21},"end":{"line":215,"column":10}},"134":{"start":{"line":216,"column":8},"end":{"line":216,"column":33}},"135":{"start":{"line":217,"column":8},"end":{"line":217,"column":25}},"136":{"start":{"line":218,"column":8},"end":{"line":218,"column":35}},"137":{"start":{"line":223,"column":4},"end":{"line":223,"column":36}},"138":{"start":{"line":224,"column":4},"end":{"line":224,"column":34}},"139":{"start":{"line":228,"column":4},"end":{"line":228,"column":26}},"140":{"start":{"line":229,"column":4},"end":{"line":229,"column":34}},"141":{"start":{"line":230,"column":4},"end":{"line":230,"column":30}},"142":{"start":{"line":231,"column":4},"end":{"line":231,"column":36}},"143":{"start":{"line":232,"column":4},"end":{"line":232,"column":28}},"144":{"start":{"line":233,"column":4},"end":{"line":233,"column":22}},"145":{"start":{"line":237,"column":25},"end":{"line":237,"column":84}},"146":{"start":{"line":238,"column":22},"end":{"line":238,"column":41}},"147":{"start":{"line":241,"column":4},"end":{"line":241,"column":84}},"148":{"start":{"line":245,"column":4},"end":{"line":245,"column":49}},"149":{"start":{"line":245,"column":36},"end":{"line":245,"column":47}},"150":{"start":{"line":246,"column":4},"end":{"line":246,"column":46}},"151":{"start":{"line":246,"column":33},"end":{"line":246,"column":44}},"152":{"start":{"line":247,"column":4},"end":{"line":247,"column":47}},"153":{"start":{"line":247,"column":34},"end":{"line":247,"column":45}},"154":{"start":{"line":248,"column":4},"end":{"line":248,"column":33}},"155":{"start":{"line":249,"column":4},"end":{"line":249,"column":31}},"156":{"start":{"line":250,"column":4},"end":{"line":250,"column":29}},"157":{"start":{"line":4,"column":0},"end":{"line":4,"column":13}}},"fnMap":{"0":{"name":"(anonymous_0)","decl":{"start":{"line":25,"column":2},"end":{"line":25,"column":14}},"loc":{"start":{"line":25,"column":70},"end":{"line":41,"column":3}}},"1":{"name":"(anonymous_1)","decl":{"start":{"line":43,"column":10},"end":{"line":43,"column":28}},"loc":{"start":{"line":43,"column":28},"end":{"line":51,"column":3}}},"2":{"name":"(anonymous_2)","decl":{"start":{"line":44,"column":39},"end":{"line":44,"column":40}},"loc":{"start":{"line":44,"column":73},"end":{"line":46,"column":5}}},"3":{"name":"(anonymous_3)","decl":{"start":{"line":48,"column":39},"end":{"line":48,"column":42}},"loc":{"start":{"line":48,"column":44},"end":{"line":50,"column":5}}},"4":{"name":"(anonymous_4)","decl":{"start":{"line":53,"column":10},"end":{"line":53,"column":25}},"loc":{"start":{"line":53,"column":55},"end":{"line":84,"column":3}}},"5":{"name":"(anonymous_5)","decl":{"start":{"line":86,"column":10},"end":{"line":86,"column":21}},"loc":{"start":{"line":86,"column":21},"end":{"line":112,"column":3}}},"6":{"name":"(anonymous_6)","decl":{"start":{"line":114,"column":10},"end":{"line":114,"column":20}},"loc":{"start":{"line":114,"column":20},"end":{"line":225,"column":3}}},"7":{"name":"(anonymous_7)","decl":{"start":{"line":116,"column":31},"end":{"line":116,"column":32}},"loc":{"start":{"line":116,"column":36},"end":{"line":116,"column":47}}},"8":{"name":"(anonymous_8)","decl":{"start":{"line":117,"column":28},"end":{"line":117,"column":29}},"loc":{"start":{"line":117,"column":33},"end":{"line":117,"column":44}}},"9":{"name":"(anonymous_9)","decl":{"start":{"line":118,"column":29},"end":{"line":118,"column":30}},"loc":{"start":{"line":118,"column":34},"end":{"line":118,"column":45}}},"10":{"name":"(anonymous_10)","decl":{"start":{"line":227,"column":9},"end":{"line":227,"column":14}},"loc":{"start":{"line":227,"column":14},"end":{"line":234,"column":3}}},"11":{"name":"(anonymous_11)","decl":{"start":{"line":236,"column":10},"end":{"line":236,"column":26}},"loc":{"start":{"line":236,"column":26},"end":{"line":242,"column":3}}},"12":{"name":"(anonymous_12)","decl":{"start":{"line":244,"column":9},"end":{"line":244,"column":16}},"loc":{"start":{"line":244,"column":16},"end":{"line":251,"column":3}}},"13":{"name":"(anonymous_13)","decl":{"start":{"line":245,"column":31},"end":{"line":245,"column":32}},"loc":{"start":{"line":245,"column":36},"end":{"line":245,"column":47}}},"14":{"name":"(anonymous_14)","decl":{"start":{"line":246,"column":28},"end":{"line":246,"column":29}},"loc":{"start":{"line":246,"column":33},"end":{"line":246,"column":44}}},"15":{"name":"(anonymous_15)","decl":{"start":{"line":247,"column":29},"end":{"line":247,"column":30}},"loc":{"start":{"line":247,"column":34},"end":{"line":247,"column":45}}}},"branchMap":{"0":{"loc":{"start":{"line":59,"column":4},"end":{"line":65,"column":5}},"type":"if","locations":[{"start":{"line":59,"column":4},"end":{"line":65,"column":5}},{"start":{},"end":{}}]},"1":{"loc":{"start":{"line":60,"column":6},"end":{"line":63,"column":7}},"type":"if","locations":[{"start":{"line":60,"column":6},"end":{"line":63,"column":7}},{"start":{},"end":{}}]},"2":{"loc":{"start":{"line":68,"column":4},"end":{"line":83,"column":5}},"type":"if","locations":[{"start":{"line":68,"column":4},"end":{"line":83,"column":5}},{"start":{"line":78,"column":11},"end":{"line":83,"column":5}}]},"3":{"loc":{"start":{"line":68,"column":8},"end":{"line":68,"column":76}},"type":"binary-expr","locations":[{"start":{"line":68,"column":8},"end":{"line":68,"column":40}},{"start":{"line":68,"column":44},"end":{"line":68,"column":76}}]},"4":{"loc":{"start":{"line":74,"column":6},"end":{"line":77,"column":7}},"type":"if","locations":[{"start":{"line":74,"column":6},"end":{"line":77,"column":7}},{"start":{},"end":{}}]},"5":{"loc":{"start":{"line":74,"column":10},"end":{"line":74,"column":83}},"type":"binary-expr","locations":[{"start":{"line":74,"column":10},"end":{"line":74,"column":38}},{"start":{"line":74,"column":42},"end":{"line":74,"column":83}}]},"6":{"loc":{"start":{"line":79,"column":6},"end":{"line":82,"column":7}},"type":"if","locations":[{"start":{"line":79,"column":6},"end":{"line":82,"column":7}},{"start":{},"end":{}}]},"7":{"loc":{"start":{"line":79,"column":10},"end":{"line":79,"column":82}},"type":"binary-expr","locations":[{"start":{"line":79,"column":10},"end":{"line":79,"column":43}},{"start":{"line":79,"column":47},"end":{"line":79,"column":82}}]},"8":{"loc":{"start":{"line":88,"column":4},"end":{"line":94,"column":5}},"type":"if","locations":[{"start":{"line":88,"column":4},"end":{"line":94,"column":5}},{"start":{},"end":{}}]},"9":{"loc":{"start":{"line":89,"column":6},"end":{"line":92,"column":7}},"type":"if","locations":[{"start":{"line":89,"column":6},"end":{"line":92,"column":7}},{"start":{},"end":{}}]},"10":{"loc":{"start":{"line":96,"column":4},"end":{"line":96,"column":50}},"type":"if","locations":[{"start":{"line":96,"column":4},"end":{"line":96,"column":50}},{"start":{},"end":{}}]},"11":{"loc":{"start":{"line":98,"column":4},"end":{"line":111,"column":5}},"type":"if","locations":[{"start":{"line":98,"column":4},"end":{"line":111,"column":5}},{"start":{"line":106,"column":11},"end":{"line":111,"column":5}}]},"12":{"loc":{"start":{"line":106,"column":11},"end":{"line":111,"column":5}},"type":"if","locations":[{"start":{"line":106,"column":11},"end":{"line":111,"column":5}},{"start":{},"end":{}}]},"13":{"loc":{"start":{"line":123,"column":25},"end":{"line":123,"column":84}},"type":"cond-expr","locations":[{"start":{"line":123,"column":51},"end":{"line":123,"column":61}},{"start":{"line":123,"column":64},"end":{"line":123,"column":84}}]},"14":{"loc":{"start":{"line":128,"column":24},"end":{"line":128,"column":81}},"type":"cond-expr","locations":[{"start":{"line":128,"column":62},"end":{"line":128,"column":70}},{"start":{"line":128,"column":73},"end":{"line":128,"column":81}}]},"15":{"loc":{"start":{"line":133,"column":4},"end":{"line":154,"column":5}},"type":"if","locations":[{"start":{"line":133,"column":4},"end":{"line":154,"column":5}},{"start":{"line":143,"column":11},"end":{"line":154,"column":5}}]},"16":{"loc":{"start":{"line":133,"column":8},"end":{"line":133,"column":57}},"type":"binary-expr","locations":[{"start":{"line":133,"column":8},"end":{"line":133,"column":31}},{"start":{"line":133,"column":35},"end":{"line":133,"column":57}}]},"17":{"loc":{"start":{"line":136,"column":6},"end":{"line":142,"column":7}},"type":"if","locations":[{"start":{"line":136,"column":6},"end":{"line":142,"column":7}},{"start":{"line":140,"column":13},"end":{"line":142,"column":7}}]},"18":{"loc":{"start":{"line":145,"column":6},"end":{"line":153,"column":7}},"type":"if","locations":[{"start":{"line":145,"column":6},"end":{"line":153,"column":7}},{"start":{"line":150,"column":13},"end":{"line":153,"column":7}}]},"19":{"loc":{"start":{"line":161,"column":20},"end":{"line":161,"column":55}},"type":"cond-expr","locations":[{"start":{"line":161,"column":36},"end":{"line":161,"column":44}},{"start":{"line":161,"column":47},"end":{"line":161,"column":55}}]},"20":{"loc":{"start":{"line":188,"column":6},"end":{"line":219,"column":7}},"type":"if","locations":[{"start":{"line":188,"column":6},"end":{"line":219,"column":7}},{"start":{"line":208,"column":13},"end":{"line":219,"column":7}}]},"21":{"loc":{"start":{"line":188,"column":10},"end":{"line":188,"column":49}},"type":"binary-expr","locations":[{"start":{"line":188,"column":10},"end":{"line":188,"column":33}},{"start":{"line":188,"column":37},"end":{"line":188,"column":49}}]},"22":{"loc":{"start":{"line":190,"column":8},"end":{"line":207,"column":9}},"type":"if","locations":[{"start":{"line":190,"column":8},"end":{"line":207,"column":9}},{"start":{"line":196,"column":15},"end":{"line":207,"column":9}}]},"23":{"loc":{"start":{"line":237,"column":25},"end":{"line":237,"column":84}},"type":"cond-expr","locations":[{"start":{"line":237,"column":51},"end":{"line":237,"column":61}},{"start":{"line":237,"column":64},"end":{"line":237,"column":84}}]}},"s":{"0":21,"1":21,"2":21,"3":21,"4":21,"5":21,"6":21,"7":21,"8":21,"9":21,"10":21,"11":21,"12":21,"13":21,"14":21,"15":21,"16":21,"17":21,"18":21,"19":21,"20":21,"21":21,"22":21,"23":21,"24":21,"25":21,"26":21,"27":21,"28":21,"29":21,"30":21,"31":0,"32":21,"33":0,"34":0,"35":0,"36":0,"37":0,"38":0,"39":0,"40":0,"41":0,"42":0,"43":0,"44":0,"45":0,"46":0,"47":0,"48":0,"49":0,"50":0,"51":0,"52":0,"53":0,"54":0,"55":0,"56":0,"57":0,"58":0,"59":0,"60":0,"61":0,"62":0,"63":0,"64":0,"65":0,"66":0,"67":0,"68":0,"69":0,"70":0,"71":22,"72":2,"73":22,"74":2,"75":22,"76":0,"77":22,"78":22,"79":22,"80":22,"81":22,"82":22,"83":22,"84":22,"85":22,"86":22,"87":0,"88":0,"89":0,"90":0,"91":0,"92":0,"93":22,"94":0,"95":0,"96":0,"97":0,"98":22,"99":22,"100":22,"101":22,"102":44,"103":44,"104":44,"105":44,"106":44,"107":44,"108":44,"109":44,"110":44,"111":44,"112":44,"113":44,"114":44,"115":44,"116":44,"117":44,"118":44,"119":44,"120":44,"121":44,"122":44,"123":0,"124":0,"125":0,"126":0,"127":0,"128":0,"129":0,"130":0,"131":0,"132":0,"133":44,"134":44,"135":44,"136":44,"137":22,"138":22,"139":22,"140":22,"141":22,"142":22,"143":22,"144":22,"145":43,"146":43,"147":43,"148":0,"149":0,"150":0,"151":0,"152":0,"153":0,"154":0,"155":0,"156":0,"157":1},"f":{"0":21,"1":21,"2":0,"3":0,"4":0,"5":0,"6":22,"7":2,"8":2,"9":0,"10":22,"11":43,"12":0,"13":0,"14":0,"15":0},"b":{"0":[0,0],"1":[0,0],"2":[0,0],"3":[0,0],"4":[0,0],"5":[0,0],"6":[0,0],"7":[0,0],"8":[0,0],"9":[0,0],"10":[0,0],"11":[0,0],"12":[0,0],"13":[22,0],"14":[0,22],"15":[0,22],"16":[22,0],"17":[0,0],"18":[0,22],"19":[0,44],"20":[0,44],"21":[44,0],"22":[0,0],"23":[43,0]}}
}
