TN:
SF:src/game/main.ts
FN:41,(anonymous_0)
FNF:1
FNH:0
FNDA:0,(anonymous_0)
DA:1,0
DA:2,0
DA:3,0
DA:4,0
DA:5,0
DA:6,0
DA:7,0
DA:11,0
DA:41,0
DA:43,0
DA:47,0
LF:11
LH:0
BRF:0
BRH:0
end_of_record
TN:
SF:src/game/managers/AssetLoader.ts
FN:12,(anonymous_0)
FN:13,(anonymous_1)
FN:14,(anonymous_2)
FNF:3
FNH:3
FNDA:5,(anonymous_0)
FNDA:5,(anonymous_1)
FNDA:40,(anonymous_2)
DA:3,1
DA:13,5
DA:14,5
DA:15,40
DA:16,40
LF:5
LH:5
BRF:0
BRH:0
end_of_record
TN:
SF:src/game/managers/GameManager.ts
FN:8,(anonymous_0)
FN:10,(anonymous_1)
FN:17,(anonymous_2)
FN:23,(anonymous_3)
FN:24,(anonymous_4)
FN:26,(anonymous_5)
FN:31,(anonymous_6)
FN:38,(anonymous_7)
FN:45,(anonymous_8)
FN:49,(anonymous_9)
FNF:10
FNH:9
FNDA:9,(anonymous_0)
FNDA:13,(anonymous_1)
FNDA:4,(anonymous_2)
FNDA:8,(anonymous_3)
FNDA:8,(anonymous_4)
FNDA:8,(anonymous_5)
FNDA:0,(anonymous_6)
FNDA:5,(anonymous_7)
FNDA:3,(anonymous_8)
FNDA:2,(anonymous_9)
DA:3,1
DA:5,9
DA:6,9
DA:11,13
DA:12,9
DA:14,13
DA:18,4
DA:19,4
DA:20,4
DA:24,8
DA:25,8
DA:26,8
DA:27,8
DA:28,8
DA:29,8
DA:31,8
DA:32,0
DA:34,8
DA:39,5
DA:40,2
DA:42,3
DA:46,3
DA:50,2
LF:23
LH:22
BRDA:11,0,0,9
BRDA:11,0,1,4
BRDA:39,1,0,2
BRDA:39,1,1,3
BRF:4
BRH:4
end_of_record
TN:
SF:src/game/managers/OrderGenerator.ts
FN:19,(anonymous_0)
FN:23,(anonymous_1)
FN:40,(anonymous_2)
FN:45,(anonymous_3)
FN:61,(anonymous_4)
FN:93,(anonymous_5)
FN:97,(anonymous_6)
FN:98,(anonymous_7)
FNF:8
FNH:8
FNDA:8,(anonymous_0)
FNDA:222,(anonymous_1)
FNDA:222,(anonymous_2)
FNDA:222,(anonymous_3)
FNDA:22151,(anonymous_4)
FNDA:222,(anonymous_5)
FNDA:222,(anonymous_6)
FNDA:1332,(anonymous_7)
DA:1,1
DA:15,1
DA:16,8
DA:17,8
DA:20,8
DA:24,222
DA:25,222
DA:28,222
DA:31,222
DA:33,222
DA:42,222
DA:46,222
DA:47,222
DA:48,222
DA:49,222
DA:50,222
DA:51,222
DA:53,222
DA:54,14014
DA:57,14014
DA:58,14014
DA:61,22151
DA:62,14014
DA:63,3773
DA:67,10241
DA:68,10241
DA:69,9856
DA:72,385
DA:73,385
DA:75,385
DA:76,385
DA:81,385
DA:86,222
DA:87,0
DA:90,222
DA:94,222
DA:95,222
DA:97,222
DA:98,222
DA:99,1332
DA:107,222
LF:41
LH:40
BRDA:53,0,0,14236
BRDA:53,0,1,14150
BRDA:62,1,0,3773
BRDA:62,1,1,10241
BRDA:62,2,0,14014
BRDA:62,2,1,3956
BRDA:68,3,0,9856
BRDA:68,3,1,385
BRDA:75,4,0,385
BRDA:75,4,1,0
BRDA:86,5,0,0
BRDA:86,5,1,222
BRF:12
BRH:10
end_of_record
