TN:
SF:src/game/main.ts
FN:27,(anonymous_0)
FNF:1
FNH:0
FNDA:0,(anonymous_0)
DA:1,0
DA:2,0
DA:3,0
DA:4,0
DA:5,0
DA:6,0
DA:7,0
DA:11,0
DA:27,0
DA:29,0
DA:33,0
LF:11
LH:0
BRF:0
BRH:0
end_of_record
TN:
SF:src/game/managers/AssetLoader.ts
FN:12,(anonymous_0)
FN:13,(anonymous_1)
FN:14,(anonymous_2)
FNF:3
FNH:3
FNDA:5,(anonymous_0)
FNDA:5,(anonymous_1)
FNDA:40,(anonymous_2)
DA:3,1
DA:13,5
DA:14,5
DA:15,40
DA:16,40
LF:5
LH:5
BRF:0
BRH:0
end_of_record
TN:
SF:src/game/managers/GameManager.ts
FN:8,(anonymous_0)
FN:10,(anonymous_1)
FN:17,(anonymous_2)
FN:23,(anonymous_3)
FN:24,(anonymous_4)
FN:26,(anonymous_5)
FN:31,(anonymous_6)
FN:38,(anonymous_7)
FN:45,(anonymous_8)
FN:49,(anonymous_9)
FNF:10
FNH:9
FNDA:9,(anonymous_0)
FNDA:13,(anonymous_1)
FNDA:4,(anonymous_2)
FNDA:8,(anonymous_3)
FNDA:8,(anonymous_4)
FNDA:8,(anonymous_5)
FNDA:0,(anonymous_6)
FNDA:5,(anonymous_7)
FNDA:3,(anonymous_8)
FNDA:2,(anonymous_9)
DA:3,1
DA:5,9
DA:6,9
DA:11,13
DA:12,9
DA:14,13
DA:18,4
DA:19,4
DA:20,4
DA:24,8
DA:25,8
DA:26,8
DA:27,8
DA:28,8
DA:29,8
DA:31,8
DA:32,0
DA:34,8
DA:39,5
DA:40,2
DA:42,3
DA:46,3
DA:50,2
LF:23
LH:22
BRDA:11,0,0,9
BRDA:11,0,1,4
BRDA:39,1,0,2
BRDA:39,1,1,3
BRF:4
BRH:4
end_of_record
TN:
SF:src/game/managers/OrderGenerator.ts
FN:19,(anonymous_0)
FN:23,(anonymous_1)
FN:40,(anonymous_2)
FN:45,(anonymous_3)
FN:61,(anonymous_4)
FN:93,(anonymous_5)
FN:97,(anonymous_6)
FN:98,(anonymous_7)
FNF:8
FNH:8
FNDA:8,(anonymous_0)
FNDA:222,(anonymous_1)
FNDA:222,(anonymous_2)
FNDA:222,(anonymous_3)
FNDA:22534,(anonymous_4)
FNDA:222,(anonymous_5)
FNDA:222,(anonymous_6)
FNDA:1332,(anonymous_7)
DA:1,1
DA:15,1
DA:16,8
DA:17,8
DA:20,8
DA:24,222
DA:25,222
DA:28,222
DA:31,222
DA:33,222
DA:42,222
DA:46,222
DA:47,222
DA:48,222
DA:49,222
DA:50,222
DA:51,222
DA:53,222
DA:54,14292
DA:57,14292
DA:58,14292
DA:61,22534
DA:62,14292
DA:63,3827
DA:67,10465
DA:68,10465
DA:69,10078
DA:72,387
DA:73,387
DA:75,387
DA:76,387
DA:81,387
DA:86,222
DA:87,0
DA:90,222
DA:94,222
DA:95,222
DA:97,222
DA:98,222
DA:99,1332
DA:107,222
LF:41
LH:40
BRDA:53,0,0,14514
BRDA:53,0,1,14432
BRDA:62,1,0,3827
BRDA:62,1,1,10465
BRDA:62,2,0,14292
BRDA:62,2,1,4024
BRDA:68,3,0,10078
BRDA:68,3,1,387
BRDA:75,4,0,387
BRDA:75,4,1,0
BRDA:86,5,0,0
BRDA:86,5,1,222
BRF:12
BRH:10
end_of_record
TN:
SF:src/game/ui/RadialDial.ts
FN:25,(anonymous_0)
FN:43,(anonymous_1)
FN:44,(anonymous_2)
FN:48,(anonymous_3)
FN:53,(anonymous_4)
FN:86,(anonymous_5)
FN:114,(anonymous_6)
FN:116,(anonymous_7)
FN:117,(anonymous_8)
FN:118,(anonymous_9)
FN:241,(anonymous_10)
FN:250,(anonymous_11)
FN:258,(anonymous_12)
FN:259,(anonymous_13)
FN:260,(anonymous_14)
FN:261,(anonymous_15)
FNF:16
FNH:7
FNDA:21,(anonymous_0)
FNDA:21,(anonymous_1)
FNDA:0,(anonymous_2)
FNDA:0,(anonymous_3)
FNDA:0,(anonymous_4)
FNDA:0,(anonymous_5)
FNDA:22,(anonymous_6)
FNDA:2,(anonymous_7)
FNDA:4,(anonymous_8)
FNDA:0,(anonymous_9)
FNDA:22,(anonymous_10)
FNDA:43,(anonymous_11)
FNDA:0,(anonymous_12)
FNDA:0,(anonymous_13)
FNDA:0,(anonymous_14)
FNDA:0,(anonymous_15)
DA:4,1
DA:5,21
DA:6,21
DA:7,21
DA:8,21
DA:9,21
DA:10,21
DA:11,21
DA:12,21
DA:13,21
DA:14,21
DA:15,21
DA:16,21
DA:17,21
DA:18,21
DA:19,21
DA:20,21
DA:21,21
DA:22,21
DA:23,21
DA:26,21
DA:27,21
DA:28,21
DA:29,21
DA:30,21
DA:32,21
DA:33,21
DA:34,21
DA:37,21
DA:39,21
DA:40,21
DA:44,21
DA:45,0
DA:48,21
DA:49,0
DA:54,0
DA:55,0
DA:56,0
DA:59,0
DA:60,0
DA:61,0
DA:62,0
DA:64,0
DA:68,0
DA:69,0
DA:70,0
DA:71,0
DA:72,0
DA:74,0
DA:75,0
DA:76,0
DA:79,0
DA:80,0
DA:81,0
DA:88,0
DA:89,0
DA:90,0
DA:91,0
DA:93,0
DA:96,0
DA:98,0
DA:100,0
DA:101,0
DA:102,0
DA:103,0
DA:104,0
DA:105,0
DA:106,0
DA:108,0
DA:109,0
DA:110,0
DA:116,22
DA:117,22
DA:118,22
DA:119,22
DA:120,22
DA:121,22
DA:123,22
DA:124,22
DA:127,22
DA:128,22
DA:129,22
DA:130,22
DA:133,22
DA:135,0
DA:136,0
DA:137,0
DA:138,0
DA:139,0
DA:141,0
DA:145,22
DA:146,0
DA:147,0
DA:148,0
DA:149,0
DA:151,22
DA:152,22
DA:157,22
DA:158,44
DA:159,44
DA:160,44
DA:161,44
DA:164,44
DA:165,44
DA:166,44
DA:167,44
DA:168,44
DA:172,44
DA:173,44
DA:174,44
DA:175,44
DA:176,44
DA:178,44
DA:181,44
DA:182,44
DA:183,44
DA:184,44
DA:185,44
DA:188,44
DA:189,0
DA:190,0
DA:192,0
DA:193,0
DA:194,0
DA:195,0
DA:198,0
DA:204,0
DA:205,0
DA:206,0
DA:210,44
DA:216,44
DA:217,44
DA:218,44
DA:221,44
DA:222,44
DA:223,44
DA:224,44
DA:229,44
DA:230,44
DA:231,44
DA:237,22
DA:238,22
DA:242,22
DA:243,22
DA:244,22
DA:245,22
DA:246,22
DA:247,22
DA:251,43
DA:252,43
DA:255,43
DA:259,0
DA:260,0
DA:261,0
DA:262,0
DA:263,0
DA:264,0
LF:157
LH:93
BRDA:59,0,0,0
BRDA:59,0,1,0
BRDA:60,1,0,0
BRDA:60,1,1,0
BRDA:68,2,0,0
BRDA:68,2,1,0
BRDA:68,3,0,0
BRDA:68,3,1,0
BRDA:74,4,0,0
BRDA:74,4,1,0
BRDA:74,5,0,0
BRDA:74,5,1,0
BRDA:79,6,0,0
BRDA:79,6,1,0
BRDA:79,7,0,0
BRDA:79,7,1,0
BRDA:88,8,0,0
BRDA:88,8,1,0
BRDA:89,9,0,0
BRDA:89,9,1,0
BRDA:96,10,0,0
BRDA:96,10,1,0
BRDA:98,11,0,0
BRDA:98,11,1,0
BRDA:106,12,0,0
BRDA:106,12,1,0
BRDA:123,13,0,22
BRDA:123,13,1,0
BRDA:128,14,0,0
BRDA:128,14,1,22
BRDA:133,15,0,0
BRDA:133,15,1,22
BRDA:133,16,0,22
BRDA:133,16,1,0
BRDA:136,17,0,0
BRDA:136,17,1,0
BRDA:145,18,0,0
BRDA:145,18,1,22
BRDA:161,19,0,0
BRDA:161,19,1,44
BRDA:188,20,0,0
BRDA:188,20,1,44
BRDA:188,21,0,44
BRDA:188,21,1,0
BRDA:190,22,0,0
BRDA:190,22,1,0
BRDA:221,23,0,44
BRDA:221,23,1,0
BRDA:221,24,0,44
BRDA:221,24,1,44
BRDA:221,24,2,44
BRDA:251,25,0,43
BRDA:251,25,1,0
BRF:53
BRH:13
end_of_record
